<?xml version="1.0" encoding="UTF-8"?>
<testsuite name="tictactoe.TicTacToeSpec" tests="8" skipped="0" failures="0" errors="0" timestamp="2021-04-27T05:36:43" hostname="Alwins-Air" time="0.19">
  <properties/>
  <testcase name="givenLastTurnWasX_NowPlayerOTurn()" classname="tictactoe.TicTacToeSpec" time="0.107"/>
  <testcase name="whenWinWithHorizontalLine()" classname="tictactoe.TicTacToeSpec" time="0.004"/>
  <testcase name="whenWinWithVerticalLine()" classname="tictactoe.TicTacToeSpec" time="0.01"/>
  <testcase name="whenYOutsideBoardException()" classname="tictactoe.TicTacToeSpec" time="0.008"/>
  <testcase name="whenOccupiedThenRuntimeException()" classname="tictactoe.TicTacToeSpec" time="0.003"/>
  <testcase name="whenXOutsideBoardException()" classname="tictactoe.TicTacToeSpec" time="0.004"/>
  <testcase name="whenOccupiedException()" classname="tictactoe.TicTacToeSpec" time="0.008"/>
  <testcase name="whenNoWinner()" classname="tictactoe.TicTacToeSpec" time="0.002"/>
  <system-out><![CDATA[]]></system-out>
  <system-err><![CDATA[]]></system-err>
</testsuite>
