<?xml version="1.0" encoding="UTF-8"?>
<testsuite name="tictactoe.TicTacToeSpec" tests="4" skipped="0" failures="0" errors="0" timestamp="2021-04-16T19:44:14" hostname="Alwins-Air" time="0.121">
  <properties/>
  <testcase name="whenYOutsideBoardException()" classname="tictactoe.TicTacToeSpec" time="0.053"/>
  <testcase name="whenOccupiedThenRuntimeException()" classname="tictactoe.TicTacToeSpec" time="0.046"/>
  <testcase name="whenXOutsideBoardException()" classname="tictactoe.TicTacToeSpec" time="0.002"/>
  <testcase name="whenOccupiedException()" classname="tictactoe.TicTacToeSpec" time="0.002"/>
  <system-out><![CDATA[]]></system-out>
  <system-err><![CDATA[]]></system-err>
</testsuite>
