<?xml version="1.0" encoding="UTF-8"?>
<testsuite name="tictactoe.TicTacToeSpec" tests="9" skipped="0" failures="0" errors="0" timestamp="2021-04-29T03:23:48" hostname="Alwins-Air" time="0.085">
  <properties/>
  <testcase name="givenLastTurnWasX_NowPlayerOTurn()" classname="tictactoe.TicTacToeSpec" time="0.047"/>
  <testcase name="whenWinWithHorizontalLine()" classname="tictactoe.TicTacToeSpec" time="0.003"/>
  <testcase name="whenWinWithVerticalLine()" classname="tictactoe.TicTacToeSpec" time="0.002"/>
  <testcase name="whenYOutsideBoardException()" classname="tictactoe.TicTacToeSpec" time="0.006"/>
  <testcase name="whenOccupiedThenRuntimeException()" classname="tictactoe.TicTacToeSpec" time="0.002"/>
  <testcase name="whenXOutsideBoardException()" classname="tictactoe.TicTacToeSpec" time="0.001"/>
  <testcase name="whenOccupiedException()" classname="tictactoe.TicTacToeSpec" time="0.001"/>
  <testcase name="whenNoWinner()" classname="tictactoe.TicTacToeSpec" time="0.001"/>
  <testcase name="whenWinWithDiagonalTopToBottom()" classname="tictactoe.TicTacToeSpec" time="0.012"/>
  <system-out><![CDATA[]]></system-out>
  <system-err><![CDATA[]]></system-err>
</testsuite>
