<?xml version="1.0" encoding="UTF-8"?>
<testsuite name="tictactoe.TicTacToeSpec" tests="10" skipped="0" failures="0" errors="0" timestamp="2021-05-01T05:46:02" hostname="Alwins-Air" time="0.086">
  <properties/>
  <testcase name="whenWinWithDiagonalBottomToTop()" classname="tictactoe.TicTacToeSpec" time="0.04"/>
  <testcase name="givenLastTurnWasX_NowPlayerOTurn()" classname="tictactoe.TicTacToeSpec" time="0.001"/>
  <testcase name="whenWinWithHorizontalLine()" classname="tictactoe.TicTacToeSpec" time="0.001"/>
  <testcase name="whenWinWithVerticalLine()" classname="tictactoe.TicTacToeSpec" time="0.001"/>
  <testcase name="whenYOutsideBoardException()" classname="tictactoe.TicTacToeSpec" time="0.013"/>
  <testcase name="whenOccupiedThenRuntimeException()" classname="tictactoe.TicTacToeSpec" time="0.002"/>
  <testcase name="whenXOutsideBoardException()" classname="tictactoe.TicTacToeSpec" time="0.002"/>
  <testcase name="whenOccupiedException()" classname="tictactoe.TicTacToeSpec" time="0.004"/>
  <testcase name="whenNoWinner()" classname="tictactoe.TicTacToeSpec" time="0.002"/>
  <testcase name="whenWinWithDiagonalTopToBottom()" classname="tictactoe.TicTacToeSpec" time="0.003"/>
  <system-out><![CDATA[]]></system-out>
  <system-err><![CDATA[]]></system-err>
</testsuite>
