<?xml version="1.0" encoding="UTF-8"?>
<testsuite name="tictactoe.TicTacToeSpec" tests="6" skipped="0" failures="0" errors="0" timestamp="2021-04-20T04:46:51" hostname="Alwins-Air" time="0.069">
  <properties/>
  <testcase name="givenLastTurnWasX_NowPlayerOTurn()" classname="tictactoe.TicTacToeSpec" time="0.041"/>
  <testcase name="givenLastTurnWasO_NowPlayerXTurn()" classname="tictactoe.TicTacToeSpec" time="0.002"/>
  <testcase name="whenYOutsideBoardException()" classname="tictactoe.TicTacToeSpec" time="0.005"/>
  <testcase name="whenOccupiedThenRuntimeException()" classname="tictactoe.TicTacToeSpec" time="0.006"/>
  <testcase name="whenXOutsideBoardException()" classname="tictactoe.TicTacToeSpec" time="0.005"/>
  <testcase name="whenOccupiedException()" classname="tictactoe.TicTacToeSpec" time="0.002"/>
  <system-out><![CDATA[]]></system-out>
  <system-err><![CDATA[]]></system-err>
</testsuite>
