<?xml version="1.0" encoding="UTF-8"?>
<testsuite name="tictactoe.TicTacToeSpec" tests="10" skipped="0" failures="0" errors="0" timestamp="2021-05-02T06:25:21" hostname="Alwins-Air" time="0.145">
  <properties/>
  <testcase name="whenWinWithDiagonalBottomToTop()" classname="tictactoe.TicTacToeSpec" time="0.064"/>
  <testcase name="givenLastTurnWasX_NowPlayerOTurn()" classname="tictactoe.TicTacToeSpec" time="0.002"/>
  <testcase name="whenWinWithHorizontalLine()" classname="tictactoe.TicTacToeSpec" time="0.002"/>
  <testcase name="whenWinWithVerticalLine()" classname="tictactoe.TicTacToeSpec" time="0.001"/>
  <testcase name="whenYOutsideBoardException()" classname="tictactoe.TicTacToeSpec" time="0.006"/>
  <testcase name="whenOccupiedThenRuntimeException()" classname="tictactoe.TicTacToeSpec" time="0.002"/>
  <testcase name="whenXOutsideBoardException()" classname="tictactoe.TicTacToeSpec" time="0.002"/>
  <testcase name="whenOccupiedException()" classname="tictactoe.TicTacToeSpec" time="0.035"/>
  <testcase name="whenNoWinner()" classname="tictactoe.TicTacToeSpec" time="0.013"/>
  <testcase name="whenWinWithDiagonalTopToBottom()" classname="tictactoe.TicTacToeSpec" time="0.001"/>
  <system-out><![CDATA[]]></system-out>
  <system-err><![CDATA[]]></system-err>
</testsuite>
